[1.570s] Invoking command in '/home/robousr/Semestre-2026-1/Workspaces/Proyectos_Lalo/Proyecto_Robótica/Proyecto_espacio_XYZ_2/build/example_control': PYTHONPATH=/home/robousr/Semestre-2026-1/Workspaces/Proyectos_Lalo/Proyecto_Robótica/Proyecto_espacio_XYZ_2/build/example_control/prefix_override:/usr/lib/python3/dist-packages/colcon_core/task/python/colcon_distutils_commands:/home/robousr/Semestre-2026-1/Workspaces/Proyectos_Lalo/Proyecto_Robótica/Proyecto_espacio_XYZ_2/install/example_control/lib/python3.10/site-packages:${PYTHONPATH} /usr/bin/python3 -W ignore:setup.py install is deprecated -W ignore:easy_install command is deprecated setup.py develop --editable --build-directory /home/robousr/Semestre-2026-1/Workspaces/Proyectos_Lalo/Proyecto_Robótica/Proyecto_espacio_XYZ_2/build/example_control/build --no-deps symlink_data
[1.957s] running develop
[2.315s] running egg_info
[2.315s] creating example_control.egg-info
[2.316s] writing example_control.egg-info/PKG-INFO
[2.316s] writing dependency_links to example_control.egg-info/dependency_links.txt
[2.316s] writing entry points to example_control.egg-info/entry_points.txt
[2.317s] writing requirements to example_control.egg-info/requires.txt
[2.319s] writing top-level names to example_control.egg-info/top_level.txt
[2.319s] writing manifest file 'example_control.egg-info/SOURCES.txt'
[2.320s] reading manifest file 'example_control.egg-info/SOURCES.txt'
[2.321s] writing manifest file 'example_control.egg-info/SOURCES.txt'
[2.325s] running build_ext
[2.325s] Creating /home/robousr/Semestre-2026-1/Workspaces/Proyectos_Lalo/Proyecto_Robótica/Proyecto_espacio_XYZ_2/install/example_control/lib/python3.10/site-packages/example-control.egg-link (link to .)
[2.327s] Installing controller_manager script to /home/robousr/Semestre-2026-1/Workspaces/Proyectos_Lalo/Proyecto_Robótica/Proyecto_espacio_XYZ_2/install/example_control/lib/example_control
[2.328s] Installing hardware_interface script to /home/robousr/Semestre-2026-1/Workspaces/Proyectos_Lalo/Proyecto_Robótica/Proyecto_espacio_XYZ_2/install/example_control/lib/example_control
[2.329s] Installing manipulator_controller script to /home/robousr/Semestre-2026-1/Workspaces/Proyectos_Lalo/Proyecto_Robótica/Proyecto_espacio_XYZ_2/install/example_control/lib/example_control
[2.330s] 
[2.330s] Installed /home/robousr/Semestre-2026-1/Workspaces/Proyectos_Lalo/Proyecto_Robótica/Proyecto_espacio_XYZ_2/build/example_control
[2.330s] running symlink_data
[2.330s] creating /home/robousr/Semestre-2026-1/Workspaces/Proyectos_Lalo/Proyecto_Robótica/Proyecto_espacio_XYZ_2/install/example_control/share/ament_index
[2.330s] creating /home/robousr/Semestre-2026-1/Workspaces/Proyectos_Lalo/Proyecto_Robótica/Proyecto_espacio_XYZ_2/install/example_control/share/ament_index/resource_index
[2.331s] creating /home/robousr/Semestre-2026-1/Workspaces/Proyectos_Lalo/Proyecto_Robótica/Proyecto_espacio_XYZ_2/install/example_control/share/ament_index/resource_index/packages
[2.331s] symbolically linking /home/robousr/Semestre-2026-1/Workspaces/Proyectos_Lalo/Proyecto_Robótica/Proyecto_espacio_XYZ_2/build/example_control/resource/example_control -> /home/robousr/Semestre-2026-1/Workspaces/Proyectos_Lalo/Proyecto_Robótica/Proyecto_espacio_XYZ_2/install/example_control/share/ament_index/resource_index/packages
[2.331s] symbolically linking /home/robousr/Semestre-2026-1/Workspaces/Proyectos_Lalo/Proyecto_Robótica/Proyecto_espacio_XYZ_2/build/example_control/package.xml -> /home/robousr/Semestre-2026-1/Workspaces/Proyectos_Lalo/Proyecto_Robótica/Proyecto_espacio_XYZ_2/install/example_control/share/example_control
[2.440s] Invoked command in '/home/robousr/Semestre-2026-1/Workspaces/Proyectos_Lalo/Proyecto_Robótica/Proyecto_espacio_XYZ_2/build/example_control' returned '0': PYTHONPATH=/home/robousr/Semestre-2026-1/Workspaces/Proyectos_Lalo/Proyecto_Robótica/Proyecto_espacio_XYZ_2/build/example_control/prefix_override:/usr/lib/python3/dist-packages/colcon_core/task/python/colcon_distutils_commands:/home/robousr/Semestre-2026-1/Workspaces/Proyectos_Lalo/Proyecto_Robótica/Proyecto_espacio_XYZ_2/install/example_control/lib/python3.10/site-packages:${PYTHONPATH} /usr/bin/python3 -W ignore:setup.py install is deprecated -W ignore:easy_install command is deprecated setup.py develop --editable --build-directory /home/robousr/Semestre-2026-1/Workspaces/Proyectos_Lalo/Proyecto_Robótica/Proyecto_espacio_XYZ_2/build/example_control/build --no-deps symlink_data
