[0.237s] DEBUG:colcon:Command line arguments: ['/usr/bin/colcon', 'list', '-p', '--base-paths', '/home/robousr/Semestre-2026-1/Workspaces/Proyectos_Lalo/Proyecto_Robótica/example_ws_pkg_URDF_renamed_colors2']
[0.238s] DEBUG:colcon:Parsed command line arguments: Namespace(log_base=None, log_level=None, verb_name='list', build_base='build', ignore_user_meta=False, metas=['./colcon.meta'], base_paths=['/home/robousr/Semestre-2026-1/Workspaces/Proyectos_Lalo/Proyecto_Robótica/example_ws_pkg_URDF_renamed_colors2'], packages_ignore=None, packages_ignore_regex=None, paths=None, packages_up_to=None, packages_up_to_regex=None, packages_above=None, packages_above_and_dependencies=None, packages_above_depth=None, packages_select_by_dep=None, packages_skip_by_dep=None, packages_skip_up_to=None, packages_select_build_failed=False, packages_skip_build_finished=False, packages_select_test_failures=False, packages_skip_test_passed=False, packages_select=None, packages_skip=None, packages_select_regex=None, packages_skip_regex=None, packages_start=None, packages_end=None, allow_overriding=[], topological_order=False, names_only=False, paths_only=True, topological_graph=False, topological_graph_dot=False, topological_graph_density=False, topological_graph_legend=False, topological_graph_dot_cluster=False, topological_graph_dot_include_skipped=False, mixin_files=None, mixin=None, verb_parser=<colcon_mixin.mixin.mixin_argument.MixinArgumentDecorator object at 0x7d37e7a95f60>, verb_extension=<colcon_package_information.verb.list.ListVerb object at 0x7d37e7a95b40>, main=<bound method ListVerb.main of <colcon_package_information.verb.list.ListVerb object at 0x7d37e7a95b40>>, mixin_verb=('list',))
[0.584s] Level 1:colcon.colcon_core.package_discovery:discover_packages(colcon_meta) check parameters
[0.585s] Level 1:colcon.colcon_core.package_discovery:discover_packages(recursive) check parameters
[0.585s] Level 1:colcon.colcon_core.package_discovery:discover_packages(ignore) check parameters
[0.585s] Level 1:colcon.colcon_core.package_discovery:discover_packages(path) check parameters
[0.585s] Level 1:colcon.colcon_core.package_discovery:discover_packages(recursive) discover
[0.585s] INFO:colcon.colcon_core.package_discovery:Crawling recursively for packages in '/home/robousr/Semestre-2026-1/Workspaces/Proyectos_Lalo/Proyecto_Robótica/example_ws_pkg_URDF_renamed_colors2'
[0.585s] Level 1:colcon.colcon_core.package_identification:_identify(/home/robousr/Semestre-2026-1/Workspaces/Proyectos_Lalo/Proyecto_Robótica/example_ws_pkg_URDF_renamed_colors2) by extensions ['ignore', 'ignore_ament_install']
[0.585s] Level 1:colcon.colcon_core.package_identification:_identify(/home/robousr/Semestre-2026-1/Workspaces/Proyectos_Lalo/Proyecto_Robótica/example_ws_pkg_URDF_renamed_colors2) by extension 'ignore'
[0.585s] Level 1:colcon.colcon_core.package_identification:_identify(/home/robousr/Semestre-2026-1/Workspaces/Proyectos_Lalo/Proyecto_Robótica/example_ws_pkg_URDF_renamed_colors2) by extension 'ignore_ament_install'
[0.585s] Level 1:colcon.colcon_core.package_identification:_identify(/home/robousr/Semestre-2026-1/Workspaces/Proyectos_Lalo/Proyecto_Robótica/example_ws_pkg_URDF_renamed_colors2) by extensions ['colcon_pkg']
[0.585s] Level 1:colcon.colcon_core.package_identification:_identify(/home/robousr/Semestre-2026-1/Workspaces/Proyectos_Lalo/Proyecto_Robótica/example_ws_pkg_URDF_renamed_colors2) by extension 'colcon_pkg'
[0.586s] Level 1:colcon.colcon_core.package_identification:_identify(/home/robousr/Semestre-2026-1/Workspaces/Proyectos_Lalo/Proyecto_Robótica/example_ws_pkg_URDF_renamed_colors2) by extensions ['colcon_meta']
[0.586s] Level 1:colcon.colcon_core.package_identification:_identify(/home/robousr/Semestre-2026-1/Workspaces/Proyectos_Lalo/Proyecto_Robótica/example_ws_pkg_URDF_renamed_colors2) by extension 'colcon_meta'
[0.586s] Level 1:colcon.colcon_core.package_identification:_identify(/home/robousr/Semestre-2026-1/Workspaces/Proyectos_Lalo/Proyecto_Robótica/example_ws_pkg_URDF_renamed_colors2) by extensions ['ros']
[0.586s] Level 1:colcon.colcon_core.package_identification:_identify(/home/robousr/Semestre-2026-1/Workspaces/Proyectos_Lalo/Proyecto_Robótica/example_ws_pkg_URDF_renamed_colors2) by extension 'ros'
[0.604s] Level 1:colcon.colcon_core.package_identification:_identify(/home/robousr/Semestre-2026-1/Workspaces/Proyectos_Lalo/Proyecto_Robótica/example_ws_pkg_URDF_renamed_colors2) by extensions ['cmake', 'python']
[0.605s] Level 1:colcon.colcon_core.package_identification:_identify(/home/robousr/Semestre-2026-1/Workspaces/Proyectos_Lalo/Proyecto_Robótica/example_ws_pkg_URDF_renamed_colors2) by extension 'cmake'
[0.605s] Level 1:colcon.colcon_core.package_identification:_identify(/home/robousr/Semestre-2026-1/Workspaces/Proyectos_Lalo/Proyecto_Robótica/example_ws_pkg_URDF_renamed_colors2) by extension 'python'
[0.605s] Level 1:colcon.colcon_core.package_identification:_identify(/home/robousr/Semestre-2026-1/Workspaces/Proyectos_Lalo/Proyecto_Robótica/example_ws_pkg_URDF_renamed_colors2) by extensions ['python_setup_py']
[0.605s] Level 1:colcon.colcon_core.package_identification:_identify(/home/robousr/Semestre-2026-1/Workspaces/Proyectos_Lalo/Proyecto_Robótica/example_ws_pkg_URDF_renamed_colors2) by extension 'python_setup_py'
[0.605s] Level 1:colcon.colcon_core.package_identification:_identify(/home/robousr/Semestre-2026-1/Workspaces/Proyectos_Lalo/Proyecto_Robótica/example_ws_pkg_URDF_renamed_colors2/build) by extensions ['ignore', 'ignore_ament_install']
[0.605s] Level 1:colcon.colcon_core.package_identification:_identify(/home/robousr/Semestre-2026-1/Workspaces/Proyectos_Lalo/Proyecto_Robótica/example_ws_pkg_URDF_renamed_colors2/build) by extension 'ignore'
[0.605s] Level 1:colcon.colcon_core.package_identification:_identify(/home/robousr/Semestre-2026-1/Workspaces/Proyectos_Lalo/Proyecto_Robótica/example_ws_pkg_URDF_renamed_colors2/build) ignored
[0.606s] Level 1:colcon.colcon_core.package_identification:_identify(/home/robousr/Semestre-2026-1/Workspaces/Proyectos_Lalo/Proyecto_Robótica/example_ws_pkg_URDF_renamed_colors2/install) by extensions ['ignore', 'ignore_ament_install']
[0.606s] Level 1:colcon.colcon_core.package_identification:_identify(/home/robousr/Semestre-2026-1/Workspaces/Proyectos_Lalo/Proyecto_Robótica/example_ws_pkg_URDF_renamed_colors2/install) by extension 'ignore'
[0.606s] Level 1:colcon.colcon_core.package_identification:_identify(/home/robousr/Semestre-2026-1/Workspaces/Proyectos_Lalo/Proyecto_Robótica/example_ws_pkg_URDF_renamed_colors2/install) ignored
[0.606s] Level 1:colcon.colcon_core.package_identification:_identify(/home/robousr/Semestre-2026-1/Workspaces/Proyectos_Lalo/Proyecto_Robótica/example_ws_pkg_URDF_renamed_colors2/log) by extensions ['ignore', 'ignore_ament_install']
[0.606s] Level 1:colcon.colcon_core.package_identification:_identify(/home/robousr/Semestre-2026-1/Workspaces/Proyectos_Lalo/Proyecto_Robótica/example_ws_pkg_URDF_renamed_colors2/log) by extension 'ignore'
[0.606s] Level 1:colcon.colcon_core.package_identification:_identify(/home/robousr/Semestre-2026-1/Workspaces/Proyectos_Lalo/Proyecto_Robótica/example_ws_pkg_URDF_renamed_colors2/log) ignored
[0.606s] Level 1:colcon.colcon_core.package_identification:_identify(/home/robousr/Semestre-2026-1/Workspaces/Proyectos_Lalo/Proyecto_Robótica/example_ws_pkg_URDF_renamed_colors2/src) by extensions ['ignore', 'ignore_ament_install']
[0.607s] Level 1:colcon.colcon_core.package_identification:_identify(/home/robousr/Semestre-2026-1/Workspaces/Proyectos_Lalo/Proyecto_Robótica/example_ws_pkg_URDF_renamed_colors2/src) by extension 'ignore'
[0.607s] Level 1:colcon.colcon_core.package_identification:_identify(/home/robousr/Semestre-2026-1/Workspaces/Proyectos_Lalo/Proyecto_Robótica/example_ws_pkg_URDF_renamed_colors2/src) by extension 'ignore_ament_install'
[0.607s] Level 1:colcon.colcon_core.package_identification:_identify(/home/robousr/Semestre-2026-1/Workspaces/Proyectos_Lalo/Proyecto_Robótica/example_ws_pkg_URDF_renamed_colors2/src) by extensions ['colcon_pkg']
[0.607s] Level 1:colcon.colcon_core.package_identification:_identify(/home/robousr/Semestre-2026-1/Workspaces/Proyectos_Lalo/Proyecto_Robótica/example_ws_pkg_URDF_renamed_colors2/src) by extension 'colcon_pkg'
[0.607s] Level 1:colcon.colcon_core.package_identification:_identify(/home/robousr/Semestre-2026-1/Workspaces/Proyectos_Lalo/Proyecto_Robótica/example_ws_pkg_URDF_renamed_colors2/src) by extensions ['colcon_meta']
[0.607s] Level 1:colcon.colcon_core.package_identification:_identify(/home/robousr/Semestre-2026-1/Workspaces/Proyectos_Lalo/Proyecto_Robótica/example_ws_pkg_URDF_renamed_colors2/src) by extension 'colcon_meta'
[0.607s] Level 1:colcon.colcon_core.package_identification:_identify(/home/robousr/Semestre-2026-1/Workspaces/Proyectos_Lalo/Proyecto_Robótica/example_ws_pkg_URDF_renamed_colors2/src) by extensions ['ros']
[0.607s] Level 1:colcon.colcon_core.package_identification:_identify(/home/robousr/Semestre-2026-1/Workspaces/Proyectos_Lalo/Proyecto_Robótica/example_ws_pkg_URDF_renamed_colors2/src) by extension 'ros'
[0.607s] Level 1:colcon.colcon_core.package_identification:_identify(/home/robousr/Semestre-2026-1/Workspaces/Proyectos_Lalo/Proyecto_Robótica/example_ws_pkg_URDF_renamed_colors2/src) by extensions ['cmake', 'python']
[0.607s] Level 1:colcon.colcon_core.package_identification:_identify(/home/robousr/Semestre-2026-1/Workspaces/Proyectos_Lalo/Proyecto_Robótica/example_ws_pkg_URDF_renamed_colors2/src) by extension 'cmake'
[0.607s] Level 1:colcon.colcon_core.package_identification:_identify(/home/robousr/Semestre-2026-1/Workspaces/Proyectos_Lalo/Proyecto_Robótica/example_ws_pkg_URDF_renamed_colors2/src) by extension 'python'
[0.607s] Level 1:colcon.colcon_core.package_identification:_identify(/home/robousr/Semestre-2026-1/Workspaces/Proyectos_Lalo/Proyecto_Robótica/example_ws_pkg_URDF_renamed_colors2/src) by extensions ['python_setup_py']
[0.607s] Level 1:colcon.colcon_core.package_identification:_identify(/home/robousr/Semestre-2026-1/Workspaces/Proyectos_Lalo/Proyecto_Robótica/example_ws_pkg_URDF_renamed_colors2/src) by extension 'python_setup_py'
[0.608s] Level 1:colcon.colcon_core.package_identification:_identify(/home/robousr/Semestre-2026-1/Workspaces/Proyectos_Lalo/Proyecto_Robótica/example_ws_pkg_URDF_renamed_colors2/src/example_bringup) by extensions ['ignore', 'ignore_ament_install']
[0.608s] Level 1:colcon.colcon_core.package_identification:_identify(/home/robousr/Semestre-2026-1/Workspaces/Proyectos_Lalo/Proyecto_Robótica/example_ws_pkg_URDF_renamed_colors2/src/example_bringup) by extension 'ignore'
[0.608s] Level 1:colcon.colcon_core.package_identification:_identify(/home/robousr/Semestre-2026-1/Workspaces/Proyectos_Lalo/Proyecto_Robótica/example_ws_pkg_URDF_renamed_colors2/src/example_bringup) by extension 'ignore_ament_install'
[0.608s] Level 1:colcon.colcon_core.package_identification:_identify(/home/robousr/Semestre-2026-1/Workspaces/Proyectos_Lalo/Proyecto_Robótica/example_ws_pkg_URDF_renamed_colors2/src/example_bringup) by extensions ['colcon_pkg']
[0.608s] Level 1:colcon.colcon_core.package_identification:_identify(/home/robousr/Semestre-2026-1/Workspaces/Proyectos_Lalo/Proyecto_Robótica/example_ws_pkg_URDF_renamed_colors2/src/example_bringup) by extension 'colcon_pkg'
[0.608s] Level 1:colcon.colcon_core.package_identification:_identify(/home/robousr/Semestre-2026-1/Workspaces/Proyectos_Lalo/Proyecto_Robótica/example_ws_pkg_URDF_renamed_colors2/src/example_bringup) by extensions ['colcon_meta']
[0.608s] Level 1:colcon.colcon_core.package_identification:_identify(/home/robousr/Semestre-2026-1/Workspaces/Proyectos_Lalo/Proyecto_Robótica/example_ws_pkg_URDF_renamed_colors2/src/example_bringup) by extension 'colcon_meta'
[0.608s] Level 1:colcon.colcon_core.package_identification:_identify(/home/robousr/Semestre-2026-1/Workspaces/Proyectos_Lalo/Proyecto_Robótica/example_ws_pkg_URDF_renamed_colors2/src/example_bringup) by extensions ['ros']
[0.608s] Level 1:colcon.colcon_core.package_identification:_identify(/home/robousr/Semestre-2026-1/Workspaces/Proyectos_Lalo/Proyecto_Robótica/example_ws_pkg_URDF_renamed_colors2/src/example_bringup) by extension 'ros'
[0.629s] DEBUG:colcon.colcon_core.package_identification:Package '/home/robousr/Semestre-2026-1/Workspaces/Proyectos_Lalo/Proyecto_Robótica/example_ws_pkg_URDF_renamed_colors2/src/example_bringup' with type 'ros.ament_python' and name 'example_bringup'
[0.629s] Level 1:colcon.colcon_core.package_identification:_identify(/home/robousr/Semestre-2026-1/Workspaces/Proyectos_Lalo/Proyecto_Robótica/example_ws_pkg_URDF_renamed_colors2/src/example_control) by extensions ['ignore', 'ignore_ament_install']
[0.630s] Level 1:colcon.colcon_core.package_identification:_identify(/home/robousr/Semestre-2026-1/Workspaces/Proyectos_Lalo/Proyecto_Robótica/example_ws_pkg_URDF_renamed_colors2/src/example_control) by extension 'ignore'
[0.630s] Level 1:colcon.colcon_core.package_identification:_identify(/home/robousr/Semestre-2026-1/Workspaces/Proyectos_Lalo/Proyecto_Robótica/example_ws_pkg_URDF_renamed_colors2/src/example_control) by extension 'ignore_ament_install'
[0.630s] Level 1:colcon.colcon_core.package_identification:_identify(/home/robousr/Semestre-2026-1/Workspaces/Proyectos_Lalo/Proyecto_Robótica/example_ws_pkg_URDF_renamed_colors2/src/example_control) by extensions ['colcon_pkg']
[0.630s] Level 1:colcon.colcon_core.package_identification:_identify(/home/robousr/Semestre-2026-1/Workspaces/Proyectos_Lalo/Proyecto_Robótica/example_ws_pkg_URDF_renamed_colors2/src/example_control) by extension 'colcon_pkg'
[0.630s] Level 1:colcon.colcon_core.package_identification:_identify(/home/robousr/Semestre-2026-1/Workspaces/Proyectos_Lalo/Proyecto_Robótica/example_ws_pkg_URDF_renamed_colors2/src/example_control) by extensions ['colcon_meta']
[0.630s] Level 1:colcon.colcon_core.package_identification:_identify(/home/robousr/Semestre-2026-1/Workspaces/Proyectos_Lalo/Proyecto_Robótica/example_ws_pkg_URDF_renamed_colors2/src/example_control) by extension 'colcon_meta'
[0.630s] Level 1:colcon.colcon_core.package_identification:_identify(/home/robousr/Semestre-2026-1/Workspaces/Proyectos_Lalo/Proyecto_Robótica/example_ws_pkg_URDF_renamed_colors2/src/example_control) by extensions ['ros']
[0.630s] Level 1:colcon.colcon_core.package_identification:_identify(/home/robousr/Semestre-2026-1/Workspaces/Proyectos_Lalo/Proyecto_Robótica/example_ws_pkg_URDF_renamed_colors2/src/example_control) by extension 'ros'
[0.631s] DEBUG:colcon.colcon_core.package_identification:Package '/home/robousr/Semestre-2026-1/Workspaces/Proyectos_Lalo/Proyecto_Robótica/example_ws_pkg_URDF_renamed_colors2/src/example_control' with type 'ros.ament_python' and name 'example_control'
[0.632s] Level 1:colcon.colcon_core.package_identification:_identify(/home/robousr/Semestre-2026-1/Workspaces/Proyectos_Lalo/Proyecto_Robótica/example_ws_pkg_URDF_renamed_colors2/src/prueba_descriptios) by extensions ['ignore', 'ignore_ament_install']
[0.632s] Level 1:colcon.colcon_core.package_identification:_identify(/home/robousr/Semestre-2026-1/Workspaces/Proyectos_Lalo/Proyecto_Robótica/example_ws_pkg_URDF_renamed_colors2/src/prueba_descriptios) by extension 'ignore'
[0.632s] Level 1:colcon.colcon_core.package_identification:_identify(/home/robousr/Semestre-2026-1/Workspaces/Proyectos_Lalo/Proyecto_Robótica/example_ws_pkg_URDF_renamed_colors2/src/prueba_descriptios) by extension 'ignore_ament_install'
[0.632s] Level 1:colcon.colcon_core.package_identification:_identify(/home/robousr/Semestre-2026-1/Workspaces/Proyectos_Lalo/Proyecto_Robótica/example_ws_pkg_URDF_renamed_colors2/src/prueba_descriptios) by extensions ['colcon_pkg']
[0.632s] Level 1:colcon.colcon_core.package_identification:_identify(/home/robousr/Semestre-2026-1/Workspaces/Proyectos_Lalo/Proyecto_Robótica/example_ws_pkg_URDF_renamed_colors2/src/prueba_descriptios) by extension 'colcon_pkg'
[0.632s] Level 1:colcon.colcon_core.package_identification:_identify(/home/robousr/Semestre-2026-1/Workspaces/Proyectos_Lalo/Proyecto_Robótica/example_ws_pkg_URDF_renamed_colors2/src/prueba_descriptios) by extensions ['colcon_meta']
[0.632s] Level 1:colcon.colcon_core.package_identification:_identify(/home/robousr/Semestre-2026-1/Workspaces/Proyectos_Lalo/Proyecto_Robótica/example_ws_pkg_URDF_renamed_colors2/src/prueba_descriptios) by extension 'colcon_meta'
[0.632s] Level 1:colcon.colcon_core.package_identification:_identify(/home/robousr/Semestre-2026-1/Workspaces/Proyectos_Lalo/Proyecto_Robótica/example_ws_pkg_URDF_renamed_colors2/src/prueba_descriptios) by extensions ['ros']
[0.632s] Level 1:colcon.colcon_core.package_identification:_identify(/home/robousr/Semestre-2026-1/Workspaces/Proyectos_Lalo/Proyecto_Robótica/example_ws_pkg_URDF_renamed_colors2/src/prueba_descriptios) by extension 'ros'
[0.634s] DEBUG:colcon.colcon_core.package_identification:Package '/home/robousr/Semestre-2026-1/Workspaces/Proyectos_Lalo/Proyecto_Robótica/example_ws_pkg_URDF_renamed_colors2/src/prueba_descriptios' with type 'ros.ament_python' and name 'prueba_descriptios'
[0.634s] Level 1:colcon.colcon_core.package_discovery:discover_packages(recursive) using defaults
