[1.574s] Invoking command in '/home/robousr/Semestre-2026-1/Workspaces/Proyectos_Lalo/Proyecto_Robótica/Proyecto_espacio_XYZ_2/build/example_bringup': PYTHONPATH=/home/robousr/Semestre-2026-1/Workspaces/Proyectos_Lalo/Proyecto_Robótica/Proyecto_espacio_XYZ_2/build/example_bringup/prefix_override:/usr/lib/python3/dist-packages/colcon_core/task/python/colcon_distutils_commands:/home/robousr/Semestre-2026-1/Workspaces/Proyectos_Lalo/Proyecto_Robótica/Proyecto_espacio_XYZ_2/install/example_bringup/lib/python3.10/site-packages:${PYTHONPATH} /usr/bin/python3 -W ignore:setup.py install is deprecated -W ignore:easy_install command is deprecated setup.py develop --editable --build-directory /home/robousr/Semestre-2026-1/Workspaces/Proyectos_Lalo/Proyecto_Robótica/Proyecto_espacio_XYZ_2/build/example_bringup/build --no-deps symlink_data
[1.957s] running develop
[2.290s] running egg_info
[2.290s] creating example_bringup.egg-info
[2.290s] writing example_bringup.egg-info/PKG-INFO
[2.293s] writing dependency_links to example_bringup.egg-info/dependency_links.txt
[2.293s] writing entry points to example_bringup.egg-info/entry_points.txt
[2.293s] writing requirements to example_bringup.egg-info/requires.txt
[2.294s] writing top-level names to example_bringup.egg-info/top_level.txt
[2.294s] writing manifest file 'example_bringup.egg-info/SOURCES.txt'
[2.294s] reading manifest file 'example_bringup.egg-info/SOURCES.txt'
[2.295s] writing manifest file 'example_bringup.egg-info/SOURCES.txt'
[2.300s] running build_ext
[2.300s] Creating /home/robousr/Semestre-2026-1/Workspaces/Proyectos_Lalo/Proyecto_Robótica/Proyecto_espacio_XYZ_2/install/example_bringup/lib/python3.10/site-packages/example-bringup.egg-link (link to .)
[2.300s] 
[2.300s] Installed /home/robousr/Semestre-2026-1/Workspaces/Proyectos_Lalo/Proyecto_Robótica/Proyecto_espacio_XYZ_2/build/example_bringup
[2.301s] running symlink_data
[2.301s] creating /home/robousr/Semestre-2026-1/Workspaces/Proyectos_Lalo/Proyecto_Robótica/Proyecto_espacio_XYZ_2/install/example_bringup/share/ament_index
[2.301s] creating /home/robousr/Semestre-2026-1/Workspaces/Proyectos_Lalo/Proyecto_Robótica/Proyecto_espacio_XYZ_2/install/example_bringup/share/ament_index/resource_index
[2.302s] creating /home/robousr/Semestre-2026-1/Workspaces/Proyectos_Lalo/Proyecto_Robótica/Proyecto_espacio_XYZ_2/install/example_bringup/share/ament_index/resource_index/packages
[2.302s] symbolically linking /home/robousr/Semestre-2026-1/Workspaces/Proyectos_Lalo/Proyecto_Robótica/Proyecto_espacio_XYZ_2/build/example_bringup/resource/example_bringup -> /home/robousr/Semestre-2026-1/Workspaces/Proyectos_Lalo/Proyecto_Robótica/Proyecto_espacio_XYZ_2/install/example_bringup/share/ament_index/resource_index/packages
[2.302s] symbolically linking /home/robousr/Semestre-2026-1/Workspaces/Proyectos_Lalo/Proyecto_Robótica/Proyecto_espacio_XYZ_2/build/example_bringup/package.xml -> /home/robousr/Semestre-2026-1/Workspaces/Proyectos_Lalo/Proyecto_Robótica/Proyecto_espacio_XYZ_2/install/example_bringup/share/example_bringup
[2.302s] creating /home/robousr/Semestre-2026-1/Workspaces/Proyectos_Lalo/Proyecto_Robótica/Proyecto_espacio_XYZ_2/install/example_bringup/share/example_bringup/launch
[2.302s] symbolically linking /home/robousr/Semestre-2026-1/Workspaces/Proyectos_Lalo/Proyecto_Robótica/Proyecto_espacio_XYZ_2/build/example_bringup/launch/rviz_bringup.launch.py -> /home/robousr/Semestre-2026-1/Workspaces/Proyectos_Lalo/Proyecto_Robótica/Proyecto_espacio_XYZ_2/install/example_bringup/share/example_bringup/launch
[2.302s] symbolically linking /home/robousr/Semestre-2026-1/Workspaces/Proyectos_Lalo/Proyecto_Robótica/Proyecto_espacio_XYZ_2/build/example_bringup/launch/controller.launch.py -> /home/robousr/Semestre-2026-1/Workspaces/Proyectos_Lalo/Proyecto_Robótica/Proyecto_espacio_XYZ_2/install/example_bringup/share/example_bringup/launch
[2.433s] Invoked command in '/home/robousr/Semestre-2026-1/Workspaces/Proyectos_Lalo/Proyecto_Robótica/Proyecto_espacio_XYZ_2/build/example_bringup' returned '0': PYTHONPATH=/home/robousr/Semestre-2026-1/Workspaces/Proyectos_Lalo/Proyecto_Robótica/Proyecto_espacio_XYZ_2/build/example_bringup/prefix_override:/usr/lib/python3/dist-packages/colcon_core/task/python/colcon_distutils_commands:/home/robousr/Semestre-2026-1/Workspaces/Proyectos_Lalo/Proyecto_Robótica/Proyecto_espacio_XYZ_2/install/example_bringup/lib/python3.10/site-packages:${PYTHONPATH} /usr/bin/python3 -W ignore:setup.py install is deprecated -W ignore:easy_install command is deprecated setup.py develop --editable --build-directory /home/robousr/Semestre-2026-1/Workspaces/Proyectos_Lalo/Proyecto_Robótica/Proyecto_espacio_XYZ_2/build/example_bringup/build --no-deps symlink_data
