[0.118s] DEBUG:colcon:Command line arguments: ['/usr/bin/colcon', 'build', '--symlink-install']
[0.118s] DEBUG:colcon:Parsed command line arguments: Namespace(log_base=None, log_level=None, verb_name='build', build_base='build', install_base='install', merge_install=False, symlink_install=True, test_result_base=None, continue_on_error=False, executor='parallel', parallel_workers=8, event_handlers=None, ignore_user_meta=False, metas=['./colcon.meta'], base_paths=['.'], packages_ignore=None, packages_ignore_regex=None, paths=None, packages_up_to=None, packages_up_to_regex=None, packages_above=None, packages_above_and_dependencies=None, packages_above_depth=None, packages_select_by_dep=None, packages_skip_by_dep=None, packages_skip_up_to=None, packages_select_build_failed=False, packages_skip_build_finished=False, packages_select_test_failures=False, packages_skip_test_passed=False, packages_select=None, packages_skip=None, packages_select_regex=None, packages_skip_regex=None, packages_start=None, packages_end=None, allow_overriding=[], cmake_args=None, cmake_target=None, cmake_target_skip_unavailable=False, cmake_clean_cache=False, cmake_clean_first=False, cmake_force_configure=False, ament_cmake_args=None, catkin_cmake_args=None, catkin_skip_building_tests=False, mixin_files=None, mixin=None, verb_parser=<colcon_mixin.mixin.mixin_argument.MixinArgumentDecorator object at 0x7941d0f57b20>, verb_extension=<colcon_core.verb.build.BuildVerb object at 0x7941d0f575e0>, main=<bound method BuildVerb.main of <colcon_core.verb.build.BuildVerb object at 0x7941d0f575e0>>, mixin_verb=('build',))
[0.339s] Level 1:colcon.colcon_core.package_discovery:discover_packages(colcon_meta) check parameters
[0.339s] Level 1:colcon.colcon_core.package_discovery:discover_packages(recursive) check parameters
[0.339s] Level 1:colcon.colcon_core.package_discovery:discover_packages(ignore) check parameters
[0.339s] Level 1:colcon.colcon_core.package_discovery:discover_packages(path) check parameters
[0.339s] Level 1:colcon.colcon_core.package_discovery:discover_packages(colcon_meta) discover
[0.339s] Level 1:colcon.colcon_core.package_discovery:discover_packages(recursive) discover
[0.339s] INFO:colcon.colcon_core.package_discovery:Crawling recursively for packages in '/home/robousr/Semestre-2026-1/Workspaces/Proyectos_Lalo/Proyecto_Robótica/Proyecto_espacio_XYZ_2'
[0.339s] Level 1:colcon.colcon_core.package_identification:_identify(.) by extensions ['ignore', 'ignore_ament_install']
[0.339s] Level 1:colcon.colcon_core.package_identification:_identify(.) by extension 'ignore'
[0.339s] Level 1:colcon.colcon_core.package_identification:_identify(.) by extension 'ignore_ament_install'
[0.339s] Level 1:colcon.colcon_core.package_identification:_identify(.) by extensions ['colcon_pkg']
[0.339s] Level 1:colcon.colcon_core.package_identification:_identify(.) by extension 'colcon_pkg'
[0.339s] Level 1:colcon.colcon_core.package_identification:_identify(.) by extensions ['colcon_meta']
[0.339s] Level 1:colcon.colcon_core.package_identification:_identify(.) by extension 'colcon_meta'
[0.340s] Level 1:colcon.colcon_core.package_identification:_identify(.) by extensions ['ros']
[0.340s] Level 1:colcon.colcon_core.package_identification:_identify(.) by extension 'ros'
[0.364s] Level 1:colcon.colcon_core.package_identification:_identify(.) by extensions ['cmake', 'python']
[0.364s] Level 1:colcon.colcon_core.package_identification:_identify(.) by extension 'cmake'
[0.364s] Level 1:colcon.colcon_core.package_identification:_identify(.) by extension 'python'
[0.364s] Level 1:colcon.colcon_core.package_identification:_identify(.) by extensions ['python_setup_py']
[0.364s] Level 1:colcon.colcon_core.package_identification:_identify(.) by extension 'python_setup_py'
[0.364s] Level 1:colcon.colcon_core.package_identification:_identify(build) by extensions ['ignore', 'ignore_ament_install']
[0.364s] Level 1:colcon.colcon_core.package_identification:_identify(build) by extension 'ignore'
[0.364s] Level 1:colcon.colcon_core.package_identification:_identify(build) ignored
[0.364s] Level 1:colcon.colcon_core.package_identification:_identify(install) by extensions ['ignore', 'ignore_ament_install']
[0.364s] Level 1:colcon.colcon_core.package_identification:_identify(install) by extension 'ignore'
[0.364s] Level 1:colcon.colcon_core.package_identification:_identify(install) ignored
[0.364s] Level 1:colcon.colcon_core.package_identification:_identify(log) by extensions ['ignore', 'ignore_ament_install']
[0.364s] Level 1:colcon.colcon_core.package_identification:_identify(log) by extension 'ignore'
[0.365s] Level 1:colcon.colcon_core.package_identification:_identify(log) ignored
[0.365s] Level 1:colcon.colcon_core.package_identification:_identify(src) by extensions ['ignore', 'ignore_ament_install']
[0.365s] Level 1:colcon.colcon_core.package_identification:_identify(src) by extension 'ignore'
[0.365s] Level 1:colcon.colcon_core.package_identification:_identify(src) by extension 'ignore_ament_install'
[0.365s] Level 1:colcon.colcon_core.package_identification:_identify(src) by extensions ['colcon_pkg']
[0.365s] Level 1:colcon.colcon_core.package_identification:_identify(src) by extension 'colcon_pkg'
[0.365s] Level 1:colcon.colcon_core.package_identification:_identify(src) by extensions ['colcon_meta']
[0.365s] Level 1:colcon.colcon_core.package_identification:_identify(src) by extension 'colcon_meta'
[0.365s] Level 1:colcon.colcon_core.package_identification:_identify(src) by extensions ['ros']
[0.365s] Level 1:colcon.colcon_core.package_identification:_identify(src) by extension 'ros'
[0.365s] Level 1:colcon.colcon_core.package_identification:_identify(src) by extensions ['cmake', 'python']
[0.365s] Level 1:colcon.colcon_core.package_identification:_identify(src) by extension 'cmake'
[0.365s] Level 1:colcon.colcon_core.package_identification:_identify(src) by extension 'python'
[0.365s] Level 1:colcon.colcon_core.package_identification:_identify(src) by extensions ['python_setup_py']
[0.365s] Level 1:colcon.colcon_core.package_identification:_identify(src) by extension 'python_setup_py'
[0.365s] Level 1:colcon.colcon_core.package_identification:_identify(src/example_bringup) by extensions ['ignore', 'ignore_ament_install']
[0.365s] Level 1:colcon.colcon_core.package_identification:_identify(src/example_bringup) by extension 'ignore'
[0.365s] Level 1:colcon.colcon_core.package_identification:_identify(src/example_bringup) by extension 'ignore_ament_install'
[0.365s] Level 1:colcon.colcon_core.package_identification:_identify(src/example_bringup) by extensions ['colcon_pkg']
[0.365s] Level 1:colcon.colcon_core.package_identification:_identify(src/example_bringup) by extension 'colcon_pkg'
[0.366s] Level 1:colcon.colcon_core.package_identification:_identify(src/example_bringup) by extensions ['colcon_meta']
[0.366s] Level 1:colcon.colcon_core.package_identification:_identify(src/example_bringup) by extension 'colcon_meta'
[0.366s] Level 1:colcon.colcon_core.package_identification:_identify(src/example_bringup) by extensions ['ros']
[0.366s] Level 1:colcon.colcon_core.package_identification:_identify(src/example_bringup) by extension 'ros'
[0.368s] DEBUG:colcon.colcon_core.package_identification:Package 'src/example_bringup' with type 'ros.ament_python' and name 'example_bringup'
[0.368s] Level 1:colcon.colcon_core.package_identification:_identify(src/example_control) by extensions ['ignore', 'ignore_ament_install']
[0.368s] Level 1:colcon.colcon_core.package_identification:_identify(src/example_control) by extension 'ignore'
[0.368s] Level 1:colcon.colcon_core.package_identification:_identify(src/example_control) by extension 'ignore_ament_install'
[0.368s] Level 1:colcon.colcon_core.package_identification:_identify(src/example_control) by extensions ['colcon_pkg']
[0.369s] Level 1:colcon.colcon_core.package_identification:_identify(src/example_control) by extension 'colcon_pkg'
[0.369s] Level 1:colcon.colcon_core.package_identification:_identify(src/example_control) by extensions ['colcon_meta']
[0.369s] Level 1:colcon.colcon_core.package_identification:_identify(src/example_control) by extension 'colcon_meta'
[0.369s] Level 1:colcon.colcon_core.package_identification:_identify(src/example_control) by extensions ['ros']
[0.369s] Level 1:colcon.colcon_core.package_identification:_identify(src/example_control) by extension 'ros'
[0.369s] DEBUG:colcon.colcon_core.package_identification:Package 'src/example_control' with type 'ros.ament_python' and name 'example_control'
[0.369s] Level 1:colcon.colcon_core.package_identification:_identify(src/example_description) by extensions ['ignore', 'ignore_ament_install']
[0.370s] Level 1:colcon.colcon_core.package_identification:_identify(src/example_description) by extension 'ignore'
[0.370s] Level 1:colcon.colcon_core.package_identification:_identify(src/example_description) by extension 'ignore_ament_install'
[0.370s] Level 1:colcon.colcon_core.package_identification:_identify(src/example_description) by extensions ['colcon_pkg']
[0.370s] Level 1:colcon.colcon_core.package_identification:_identify(src/example_description) by extension 'colcon_pkg'
[0.370s] Level 1:colcon.colcon_core.package_identification:_identify(src/example_description) by extensions ['colcon_meta']
[0.370s] Level 1:colcon.colcon_core.package_identification:_identify(src/example_description) by extension 'colcon_meta'
[0.370s] Level 1:colcon.colcon_core.package_identification:_identify(src/example_description) by extensions ['ros']
[0.370s] Level 1:colcon.colcon_core.package_identification:_identify(src/example_description) by extension 'ros'
[0.370s] DEBUG:colcon.colcon_core.package_identification:Package 'src/example_description' with type 'ros.ament_python' and name 'example_description'
[0.370s] Level 1:colcon.colcon_core.package_discovery:discover_packages(recursive) using defaults
[0.370s] Level 1:colcon.colcon_core.package_discovery:discover_packages(ignore) discover
[0.370s] Level 1:colcon.colcon_core.package_discovery:discover_packages(ignore) using defaults
[0.370s] Level 1:colcon.colcon_core.package_discovery:discover_packages(path) discover
[0.370s] Level 1:colcon.colcon_core.package_discovery:discover_packages(path) using defaults
[0.390s] Level 1:colcon.colcon_core.package_discovery:discover_packages(prefix_path) check parameters
[0.390s] Level 1:colcon.colcon_core.package_discovery:discover_packages(prefix_path) discover
[0.394s] DEBUG:colcon.colcon_installed_package_information.package_discovery:Found 432 installed packages in /opt/ros/humble
[0.396s] Level 1:colcon.colcon_core.package_discovery:discover_packages(prefix_path) using defaults
[0.452s] Level 5:colcon.colcon_core.verb:set package 'example_bringup' build argument 'cmake_args' from command line to 'None'
[0.452s] Level 5:colcon.colcon_core.verb:set package 'example_bringup' build argument 'cmake_target' from command line to 'None'
[0.452s] Level 5:colcon.colcon_core.verb:set package 'example_bringup' build argument 'cmake_target_skip_unavailable' from command line to 'False'
[0.452s] Level 5:colcon.colcon_core.verb:set package 'example_bringup' build argument 'cmake_clean_cache' from command line to 'False'
[0.452s] Level 5:colcon.colcon_core.verb:set package 'example_bringup' build argument 'cmake_clean_first' from command line to 'False'
[0.452s] Level 5:colcon.colcon_core.verb:set package 'example_bringup' build argument 'cmake_force_configure' from command line to 'False'
[0.452s] Level 5:colcon.colcon_core.verb:set package 'example_bringup' build argument 'ament_cmake_args' from command line to 'None'
[0.452s] Level 5:colcon.colcon_core.verb:set package 'example_bringup' build argument 'catkin_cmake_args' from command line to 'None'
[0.452s] Level 5:colcon.colcon_core.verb:set package 'example_bringup' build argument 'catkin_skip_building_tests' from command line to 'False'
[0.452s] DEBUG:colcon.colcon_core.verb:Building package 'example_bringup' with the following arguments: {'ament_cmake_args': None, 'build_base': '/home/robousr/Semestre-2026-1/Workspaces/Proyectos_Lalo/Proyecto_Robótica/Proyecto_espacio_XYZ_2/build/example_bringup', 'catkin_cmake_args': None, 'catkin_skip_building_tests': False, 'cmake_args': None, 'cmake_clean_cache': False, 'cmake_clean_first': False, 'cmake_force_configure': False, 'cmake_target': None, 'cmake_target_skip_unavailable': False, 'install_base': '/home/robousr/Semestre-2026-1/Workspaces/Proyectos_Lalo/Proyecto_Robótica/Proyecto_espacio_XYZ_2/install/example_bringup', 'merge_install': False, 'path': '/home/robousr/Semestre-2026-1/Workspaces/Proyectos_Lalo/Proyecto_Robótica/Proyecto_espacio_XYZ_2/src/example_bringup', 'symlink_install': True, 'test_result_base': None}
[0.453s] Level 5:colcon.colcon_core.verb:set package 'example_control' build argument 'cmake_args' from command line to 'None'
[0.453s] Level 5:colcon.colcon_core.verb:set package 'example_control' build argument 'cmake_target' from command line to 'None'
[0.453s] Level 5:colcon.colcon_core.verb:set package 'example_control' build argument 'cmake_target_skip_unavailable' from command line to 'False'
[0.453s] Level 5:colcon.colcon_core.verb:set package 'example_control' build argument 'cmake_clean_cache' from command line to 'False'
[0.453s] Level 5:colcon.colcon_core.verb:set package 'example_control' build argument 'cmake_clean_first' from command line to 'False'
[0.453s] Level 5:colcon.colcon_core.verb:set package 'example_control' build argument 'cmake_force_configure' from command line to 'False'
[0.453s] Level 5:colcon.colcon_core.verb:set package 'example_control' build argument 'ament_cmake_args' from command line to 'None'
[0.453s] Level 5:colcon.colcon_core.verb:set package 'example_control' build argument 'catkin_cmake_args' from command line to 'None'
[0.453s] Level 5:colcon.colcon_core.verb:set package 'example_control' build argument 'catkin_skip_building_tests' from command line to 'False'
[0.453s] DEBUG:colcon.colcon_core.verb:Building package 'example_control' with the following arguments: {'ament_cmake_args': None, 'build_base': '/home/robousr/Semestre-2026-1/Workspaces/Proyectos_Lalo/Proyecto_Robótica/Proyecto_espacio_XYZ_2/build/example_control', 'catkin_cmake_args': None, 'catkin_skip_building_tests': False, 'cmake_args': None, 'cmake_clean_cache': False, 'cmake_clean_first': False, 'cmake_force_configure': False, 'cmake_target': None, 'cmake_target_skip_unavailable': False, 'install_base': '/home/robousr/Semestre-2026-1/Workspaces/Proyectos_Lalo/Proyecto_Robótica/Proyecto_espacio_XYZ_2/install/example_control', 'merge_install': False, 'path': '/home/robousr/Semestre-2026-1/Workspaces/Proyectos_Lalo/Proyecto_Robótica/Proyecto_espacio_XYZ_2/src/example_control', 'symlink_install': True, 'test_result_base': None}
[0.453s] Level 5:colcon.colcon_core.verb:set package 'example_description' build argument 'cmake_args' from command line to 'None'
[0.453s] Level 5:colcon.colcon_core.verb:set package 'example_description' build argument 'cmake_target' from command line to 'None'
[0.453s] Level 5:colcon.colcon_core.verb:set package 'example_description' build argument 'cmake_target_skip_unavailable' from command line to 'False'
[0.453s] Level 5:colcon.colcon_core.verb:set package 'example_description' build argument 'cmake_clean_cache' from command line to 'False'
[0.453s] Level 5:colcon.colcon_core.verb:set package 'example_description' build argument 'cmake_clean_first' from command line to 'False'
[0.454s] Level 5:colcon.colcon_core.verb:set package 'example_description' build argument 'cmake_force_configure' from command line to 'False'
[0.454s] Level 5:colcon.colcon_core.verb:set package 'example_description' build argument 'ament_cmake_args' from command line to 'None'
[0.454s] Level 5:colcon.colcon_core.verb:set package 'example_description' build argument 'catkin_cmake_args' from command line to 'None'
[0.454s] Level 5:colcon.colcon_core.verb:set package 'example_description' build argument 'catkin_skip_building_tests' from command line to 'False'
[0.454s] DEBUG:colcon.colcon_core.verb:Building package 'example_description' with the following arguments: {'ament_cmake_args': None, 'build_base': '/home/robousr/Semestre-2026-1/Workspaces/Proyectos_Lalo/Proyecto_Robótica/Proyecto_espacio_XYZ_2/build/example_description', 'catkin_cmake_args': None, 'catkin_skip_building_tests': False, 'cmake_args': None, 'cmake_clean_cache': False, 'cmake_clean_first': False, 'cmake_force_configure': False, 'cmake_target': None, 'cmake_target_skip_unavailable': False, 'install_base': '/home/robousr/Semestre-2026-1/Workspaces/Proyectos_Lalo/Proyecto_Robótica/Proyecto_espacio_XYZ_2/install/example_description', 'merge_install': False, 'path': '/home/robousr/Semestre-2026-1/Workspaces/Proyectos_Lalo/Proyecto_Robótica/Proyecto_espacio_XYZ_2/src/example_description', 'symlink_install': True, 'test_result_base': None}
[0.454s] INFO:colcon.colcon_core.executor:Executing jobs using 'parallel' executor
[0.455s] DEBUG:colcon.colcon_parallel_executor.executor.parallel:run_until_complete
[0.455s] INFO:colcon.colcon_ros.task.ament_python.build:Building ROS package in '/home/robousr/Semestre-2026-1/Workspaces/Proyectos_Lalo/Proyecto_Robótica/Proyecto_espacio_XYZ_2/src/example_bringup' with build type 'ament_python'
[0.455s] Level 1:colcon.colcon_core.shell:create_environment_hook('example_bringup', 'ament_prefix_path')
[0.458s] INFO:colcon.colcon_core.plugin_system:Skipping extension 'colcon_core.shell.bat': Not used on non-Windows systems
[0.458s] INFO:colcon.colcon_core.shell:Creating environment hook '/home/robousr/Semestre-2026-1/Workspaces/Proyectos_Lalo/Proyecto_Robótica/Proyecto_espacio_XYZ_2/install/example_bringup/share/example_bringup/hook/ament_prefix_path.ps1'
[0.459s] INFO:colcon.colcon_core.shell:Creating environment descriptor '/home/robousr/Semestre-2026-1/Workspaces/Proyectos_Lalo/Proyecto_Robótica/Proyecto_espacio_XYZ_2/install/example_bringup/share/example_bringup/hook/ament_prefix_path.dsv'
[0.459s] INFO:colcon.colcon_core.shell:Creating environment hook '/home/robousr/Semestre-2026-1/Workspaces/Proyectos_Lalo/Proyecto_Robótica/Proyecto_espacio_XYZ_2/install/example_bringup/share/example_bringup/hook/ament_prefix_path.sh'
[0.460s] INFO:colcon.colcon_core.shell:Skip shell extension 'powershell' for command environment: Not usable outside of PowerShell
[0.460s] DEBUG:colcon.colcon_core.shell:Skip shell extension 'dsv' for command environment
[0.464s] INFO:colcon.colcon_ros.task.ament_python.build:Building ROS package in '/home/robousr/Semestre-2026-1/Workspaces/Proyectos_Lalo/Proyecto_Robótica/Proyecto_espacio_XYZ_2/src/example_control' with build type 'ament_python'
[0.464s] Level 1:colcon.colcon_core.shell:create_environment_hook('example_control', 'ament_prefix_path')
[0.464s] INFO:colcon.colcon_core.shell:Creating environment hook '/home/robousr/Semestre-2026-1/Workspaces/Proyectos_Lalo/Proyecto_Robótica/Proyecto_espacio_XYZ_2/install/example_control/share/example_control/hook/ament_prefix_path.ps1'
[0.465s] INFO:colcon.colcon_core.shell:Creating environment descriptor '/home/robousr/Semestre-2026-1/Workspaces/Proyectos_Lalo/Proyecto_Robótica/Proyecto_espacio_XYZ_2/install/example_control/share/example_control/hook/ament_prefix_path.dsv'
[0.465s] INFO:colcon.colcon_core.shell:Creating environment hook '/home/robousr/Semestre-2026-1/Workspaces/Proyectos_Lalo/Proyecto_Robótica/Proyecto_espacio_XYZ_2/install/example_control/share/example_control/hook/ament_prefix_path.sh'
[0.466s] INFO:colcon.colcon_core.shell:Skip shell extension 'powershell' for command environment: Not usable outside of PowerShell
[0.466s] DEBUG:colcon.colcon_core.shell:Skip shell extension 'dsv' for command environment
[0.470s] INFO:colcon.colcon_ros.task.ament_python.build:Building ROS package in '/home/robousr/Semestre-2026-1/Workspaces/Proyectos_Lalo/Proyecto_Robótica/Proyecto_espacio_XYZ_2/src/example_description' with build type 'ament_python'
[0.470s] Level 1:colcon.colcon_core.shell:create_environment_hook('example_description', 'ament_prefix_path')
[0.470s] INFO:colcon.colcon_core.shell:Creating environment hook '/home/robousr/Semestre-2026-1/Workspaces/Proyectos_Lalo/Proyecto_Robótica/Proyecto_espacio_XYZ_2/install/example_description/share/example_description/hook/ament_prefix_path.ps1'
[0.471s] INFO:colcon.colcon_core.shell:Creating environment descriptor '/home/robousr/Semestre-2026-1/Workspaces/Proyectos_Lalo/Proyecto_Robótica/Proyecto_espacio_XYZ_2/install/example_description/share/example_description/hook/ament_prefix_path.dsv'
[0.472s] INFO:colcon.colcon_core.shell:Creating environment hook '/home/robousr/Semestre-2026-1/Workspaces/Proyectos_Lalo/Proyecto_Robótica/Proyecto_espacio_XYZ_2/install/example_description/share/example_description/hook/ament_prefix_path.sh'
[0.472s] INFO:colcon.colcon_core.shell:Skip shell extension 'powershell' for command environment: Not usable outside of PowerShell
[0.472s] DEBUG:colcon.colcon_core.shell:Skip shell extension 'dsv' for command environment
[0.810s] INFO:colcon.colcon_core.task.python.build:Building Python package in '/home/robousr/Semestre-2026-1/Workspaces/Proyectos_Lalo/Proyecto_Robótica/Proyecto_espacio_XYZ_2/src/example_bringup'
[0.811s] INFO:colcon.colcon_core.shell:Skip shell extension 'powershell' for command environment: Not usable outside of PowerShell
[0.811s] DEBUG:colcon.colcon_core.shell:Skip shell extension 'dsv' for command environment
[1.142s] INFO:colcon.colcon_core.task.python.build:Building Python package in '/home/robousr/Semestre-2026-1/Workspaces/Proyectos_Lalo/Proyecto_Robótica/Proyecto_espacio_XYZ_2/src/example_control'
[1.143s] INFO:colcon.colcon_core.shell:Skip shell extension 'powershell' for command environment: Not usable outside of PowerShell
[1.143s] DEBUG:colcon.colcon_core.shell:Skip shell extension 'dsv' for command environment
[1.491s] INFO:colcon.colcon_core.task.python.build:Building Python package in '/home/robousr/Semestre-2026-1/Workspaces/Proyectos_Lalo/Proyecto_Robótica/Proyecto_espacio_XYZ_2/src/example_description'
[1.491s] INFO:colcon.colcon_core.shell:Skip shell extension 'powershell' for command environment: Not usable outside of PowerShell
[1.491s] DEBUG:colcon.colcon_core.shell:Skip shell extension 'dsv' for command environment
[2.030s] DEBUG:colcon.colcon_core.event_handler.log_command:Invoking command in '/home/robousr/Semestre-2026-1/Workspaces/Proyectos_Lalo/Proyecto_Robótica/Proyecto_espacio_XYZ_2/build/example_bringup': PYTHONPATH=/home/robousr/Semestre-2026-1/Workspaces/Proyectos_Lalo/Proyecto_Robótica/Proyecto_espacio_XYZ_2/build/example_bringup/prefix_override:/usr/lib/python3/dist-packages/colcon_core/task/python/colcon_distutils_commands:/home/robousr/Semestre-2026-1/Workspaces/Proyectos_Lalo/Proyecto_Robótica/Proyecto_espacio_XYZ_2/install/example_bringup/lib/python3.10/site-packages:${PYTHONPATH} /usr/bin/python3 -W ignore:setup.py install is deprecated -W ignore:easy_install command is deprecated setup.py develop --editable --build-directory /home/robousr/Semestre-2026-1/Workspaces/Proyectos_Lalo/Proyecto_Robótica/Proyecto_espacio_XYZ_2/build/example_bringup/build --no-deps symlink_data
[2.035s] DEBUG:colcon.colcon_core.event_handler.log_command:Invoking command in '/home/robousr/Semestre-2026-1/Workspaces/Proyectos_Lalo/Proyecto_Robótica/Proyecto_espacio_XYZ_2/build/example_control': PYTHONPATH=/home/robousr/Semestre-2026-1/Workspaces/Proyectos_Lalo/Proyecto_Robótica/Proyecto_espacio_XYZ_2/build/example_control/prefix_override:/usr/lib/python3/dist-packages/colcon_core/task/python/colcon_distutils_commands:/home/robousr/Semestre-2026-1/Workspaces/Proyectos_Lalo/Proyecto_Robótica/Proyecto_espacio_XYZ_2/install/example_control/lib/python3.10/site-packages:${PYTHONPATH} /usr/bin/python3 -W ignore:setup.py install is deprecated -W ignore:easy_install command is deprecated setup.py develop --editable --build-directory /home/robousr/Semestre-2026-1/Workspaces/Proyectos_Lalo/Proyecto_Robótica/Proyecto_espacio_XYZ_2/build/example_control/build --no-deps symlink_data
[2.052s] DEBUG:colcon.colcon_core.event_handler.log_command:Invoking command in '/home/robousr/Semestre-2026-1/Workspaces/Proyectos_Lalo/Proyecto_Robótica/Proyecto_espacio_XYZ_2/build/example_description': PYTHONPATH=/home/robousr/Semestre-2026-1/Workspaces/Proyectos_Lalo/Proyecto_Robótica/Proyecto_espacio_XYZ_2/build/example_description/prefix_override:/usr/lib/python3/dist-packages/colcon_core/task/python/colcon_distutils_commands:/home/robousr/Semestre-2026-1/Workspaces/Proyectos_Lalo/Proyecto_Robótica/Proyecto_espacio_XYZ_2/install/example_description/lib/python3.10/site-packages:${PYTHONPATH} /usr/bin/python3 -W ignore:setup.py install is deprecated -W ignore:easy_install command is deprecated setup.py develop --editable --build-directory /home/robousr/Semestre-2026-1/Workspaces/Proyectos_Lalo/Proyecto_Robótica/Proyecto_espacio_XYZ_2/build/example_description/build --no-deps symlink_data
[2.864s] Level 1:colcon.colcon_core.shell:create_environment_hook('example_description', 'pythonpath_develop')
[2.865s] INFO:colcon.colcon_core.shell:Creating environment hook '/home/robousr/Semestre-2026-1/Workspaces/Proyectos_Lalo/Proyecto_Robótica/Proyecto_espacio_XYZ_2/build/example_description/share/example_description/hook/pythonpath_develop.ps1'
[2.866s] DEBUG:colcon.colcon_core.event_handler.log_command:Invoked command in '/home/robousr/Semestre-2026-1/Workspaces/Proyectos_Lalo/Proyecto_Robótica/Proyecto_espacio_XYZ_2/build/example_description' returned '0': PYTHONPATH=/home/robousr/Semestre-2026-1/Workspaces/Proyectos_Lalo/Proyecto_Robótica/Proyecto_espacio_XYZ_2/build/example_description/prefix_override:/usr/lib/python3/dist-packages/colcon_core/task/python/colcon_distutils_commands:/home/robousr/Semestre-2026-1/Workspaces/Proyectos_Lalo/Proyecto_Robótica/Proyecto_espacio_XYZ_2/install/example_description/lib/python3.10/site-packages:${PYTHONPATH} /usr/bin/python3 -W ignore:setup.py install is deprecated -W ignore:easy_install command is deprecated setup.py develop --editable --build-directory /home/robousr/Semestre-2026-1/Workspaces/Proyectos_Lalo/Proyecto_Robótica/Proyecto_espacio_XYZ_2/build/example_description/build --no-deps symlink_data
[2.867s] INFO:colcon.colcon_core.shell:Creating environment descriptor '/home/robousr/Semestre-2026-1/Workspaces/Proyectos_Lalo/Proyecto_Robótica/Proyecto_espacio_XYZ_2/build/example_description/share/example_description/hook/pythonpath_develop.dsv'
[2.868s] INFO:colcon.colcon_core.shell:Creating environment hook '/home/robousr/Semestre-2026-1/Workspaces/Proyectos_Lalo/Proyecto_Robótica/Proyecto_espacio_XYZ_2/build/example_description/share/example_description/hook/pythonpath_develop.sh'
[2.873s] Level 1:colcon.colcon_core.environment:checking '/home/robousr/Semestre-2026-1/Workspaces/Proyectos_Lalo/Proyecto_Robótica/Proyecto_espacio_XYZ_2/install/example_description' for CMake module files
[2.874s] Level 1:colcon.colcon_core.environment:checking '/home/robousr/Semestre-2026-1/Workspaces/Proyectos_Lalo/Proyecto_Robótica/Proyecto_espacio_XYZ_2/install/example_description' for CMake config files
[2.875s] Level 1:colcon.colcon_core.environment:checking '/home/robousr/Semestre-2026-1/Workspaces/Proyectos_Lalo/Proyecto_Robótica/Proyecto_espacio_XYZ_2/install/example_description/lib'
[2.875s] Level 1:colcon.colcon_core.environment:checking '/home/robousr/Semestre-2026-1/Workspaces/Proyectos_Lalo/Proyecto_Robótica/Proyecto_espacio_XYZ_2/install/example_description/bin'
[2.875s] Level 1:colcon.colcon_core.environment:checking '/home/robousr/Semestre-2026-1/Workspaces/Proyectos_Lalo/Proyecto_Robótica/Proyecto_espacio_XYZ_2/install/example_description/lib/pkgconfig/example_description.pc'
[2.876s] Level 1:colcon.colcon_core.environment:checking '/home/robousr/Semestre-2026-1/Workspaces/Proyectos_Lalo/Proyecto_Robótica/Proyecto_espacio_XYZ_2/install/example_description/lib/python3.10/site-packages'
[2.876s] Level 1:colcon.colcon_core.shell:create_environment_hook('example_description', 'pythonpath')
[2.876s] INFO:colcon.colcon_core.shell:Creating environment hook '/home/robousr/Semestre-2026-1/Workspaces/Proyectos_Lalo/Proyecto_Robótica/Proyecto_espacio_XYZ_2/install/example_description/share/example_description/hook/pythonpath.ps1'
[2.877s] INFO:colcon.colcon_core.shell:Creating environment descriptor '/home/robousr/Semestre-2026-1/Workspaces/Proyectos_Lalo/Proyecto_Robótica/Proyecto_espacio_XYZ_2/install/example_description/share/example_description/hook/pythonpath.dsv'
[2.877s] INFO:colcon.colcon_core.shell:Creating environment hook '/home/robousr/Semestre-2026-1/Workspaces/Proyectos_Lalo/Proyecto_Robótica/Proyecto_espacio_XYZ_2/install/example_description/share/example_description/hook/pythonpath.sh'
[2.878s] Level 1:colcon.colcon_core.environment:checking '/home/robousr/Semestre-2026-1/Workspaces/Proyectos_Lalo/Proyecto_Robótica/Proyecto_espacio_XYZ_2/install/example_description/bin'
[2.878s] Level 1:colcon.colcon_core.environment:create_environment_scripts_only(example_description)
[2.879s] INFO:colcon.colcon_core.shell:Creating package script '/home/robousr/Semestre-2026-1/Workspaces/Proyectos_Lalo/Proyecto_Robótica/Proyecto_espacio_XYZ_2/install/example_description/share/example_description/package.ps1'
[2.880s] INFO:colcon.colcon_core.shell:Creating package descriptor '/home/robousr/Semestre-2026-1/Workspaces/Proyectos_Lalo/Proyecto_Robótica/Proyecto_espacio_XYZ_2/install/example_description/share/example_description/package.dsv'
[2.881s] INFO:colcon.colcon_core.shell:Creating package script '/home/robousr/Semestre-2026-1/Workspaces/Proyectos_Lalo/Proyecto_Robótica/Proyecto_espacio_XYZ_2/install/example_description/share/example_description/package.sh'
[2.883s] INFO:colcon.colcon_core.shell:Creating package script '/home/robousr/Semestre-2026-1/Workspaces/Proyectos_Lalo/Proyecto_Robótica/Proyecto_espacio_XYZ_2/install/example_description/share/example_description/package.bash'
[2.884s] INFO:colcon.colcon_core.shell:Creating package script '/home/robousr/Semestre-2026-1/Workspaces/Proyectos_Lalo/Proyecto_Robótica/Proyecto_espacio_XYZ_2/install/example_description/share/example_description/package.zsh'
[2.885s] Level 1:colcon.colcon_core.environment:create_file_with_runtime_dependencies(/home/robousr/Semestre-2026-1/Workspaces/Proyectos_Lalo/Proyecto_Robótica/Proyecto_espacio_XYZ_2/install/example_description/share/colcon-core/packages/example_description)
[2.887s] Level 1:colcon.colcon_core.shell:create_environment_hook('example_bringup', 'pythonpath_develop')
[2.888s] INFO:colcon.colcon_core.shell:Creating environment hook '/home/robousr/Semestre-2026-1/Workspaces/Proyectos_Lalo/Proyecto_Robótica/Proyecto_espacio_XYZ_2/build/example_bringup/share/example_bringup/hook/pythonpath_develop.ps1'
[2.889s] DEBUG:colcon.colcon_core.event_handler.log_command:Invoked command in '/home/robousr/Semestre-2026-1/Workspaces/Proyectos_Lalo/Proyecto_Robótica/Proyecto_espacio_XYZ_2/build/example_bringup' returned '0': PYTHONPATH=/home/robousr/Semestre-2026-1/Workspaces/Proyectos_Lalo/Proyecto_Robótica/Proyecto_espacio_XYZ_2/build/example_bringup/prefix_override:/usr/lib/python3/dist-packages/colcon_core/task/python/colcon_distutils_commands:/home/robousr/Semestre-2026-1/Workspaces/Proyectos_Lalo/Proyecto_Robótica/Proyecto_espacio_XYZ_2/install/example_bringup/lib/python3.10/site-packages:${PYTHONPATH} /usr/bin/python3 -W ignore:setup.py install is deprecated -W ignore:easy_install command is deprecated setup.py develop --editable --build-directory /home/robousr/Semestre-2026-1/Workspaces/Proyectos_Lalo/Proyecto_Robótica/Proyecto_espacio_XYZ_2/build/example_bringup/build --no-deps symlink_data
[2.889s] INFO:colcon.colcon_core.shell:Creating environment descriptor '/home/robousr/Semestre-2026-1/Workspaces/Proyectos_Lalo/Proyecto_Robótica/Proyecto_espacio_XYZ_2/build/example_bringup/share/example_bringup/hook/pythonpath_develop.dsv'
[2.890s] INFO:colcon.colcon_core.shell:Creating environment hook '/home/robousr/Semestre-2026-1/Workspaces/Proyectos_Lalo/Proyecto_Robótica/Proyecto_espacio_XYZ_2/build/example_bringup/share/example_bringup/hook/pythonpath_develop.sh'
[2.891s] Level 1:colcon.colcon_core.environment:checking '/home/robousr/Semestre-2026-1/Workspaces/Proyectos_Lalo/Proyecto_Robótica/Proyecto_espacio_XYZ_2/install/example_bringup' for CMake module files
[2.892s] Level 1:colcon.colcon_core.environment:checking '/home/robousr/Semestre-2026-1/Workspaces/Proyectos_Lalo/Proyecto_Robótica/Proyecto_espacio_XYZ_2/install/example_bringup' for CMake config files
[2.893s] Level 1:colcon.colcon_core.environment:checking '/home/robousr/Semestre-2026-1/Workspaces/Proyectos_Lalo/Proyecto_Robótica/Proyecto_espacio_XYZ_2/install/example_bringup/lib'
[2.893s] Level 1:colcon.colcon_core.environment:checking '/home/robousr/Semestre-2026-1/Workspaces/Proyectos_Lalo/Proyecto_Robótica/Proyecto_espacio_XYZ_2/install/example_bringup/bin'
[2.893s] Level 1:colcon.colcon_core.environment:checking '/home/robousr/Semestre-2026-1/Workspaces/Proyectos_Lalo/Proyecto_Robótica/Proyecto_espacio_XYZ_2/install/example_bringup/lib/pkgconfig/example_bringup.pc'
[2.893s] Level 1:colcon.colcon_core.environment:checking '/home/robousr/Semestre-2026-1/Workspaces/Proyectos_Lalo/Proyecto_Robótica/Proyecto_espacio_XYZ_2/install/example_bringup/lib/python3.10/site-packages'
[2.893s] Level 1:colcon.colcon_core.shell:create_environment_hook('example_bringup', 'pythonpath')
[2.894s] INFO:colcon.colcon_core.shell:Creating environment hook '/home/robousr/Semestre-2026-1/Workspaces/Proyectos_Lalo/Proyecto_Robótica/Proyecto_espacio_XYZ_2/install/example_bringup/share/example_bringup/hook/pythonpath.ps1'
[2.895s] INFO:colcon.colcon_core.shell:Creating environment descriptor '/home/robousr/Semestre-2026-1/Workspaces/Proyectos_Lalo/Proyecto_Robótica/Proyecto_espacio_XYZ_2/install/example_bringup/share/example_bringup/hook/pythonpath.dsv'
[2.895s] INFO:colcon.colcon_core.shell:Creating environment hook '/home/robousr/Semestre-2026-1/Workspaces/Proyectos_Lalo/Proyecto_Robótica/Proyecto_espacio_XYZ_2/install/example_bringup/share/example_bringup/hook/pythonpath.sh'
[2.896s] Level 1:colcon.colcon_core.environment:checking '/home/robousr/Semestre-2026-1/Workspaces/Proyectos_Lalo/Proyecto_Robótica/Proyecto_espacio_XYZ_2/install/example_bringup/bin'
[2.896s] Level 1:colcon.colcon_core.environment:create_environment_scripts_only(example_bringup)
[2.897s] INFO:colcon.colcon_core.shell:Creating package script '/home/robousr/Semestre-2026-1/Workspaces/Proyectos_Lalo/Proyecto_Robótica/Proyecto_espacio_XYZ_2/install/example_bringup/share/example_bringup/package.ps1'
[2.898s] INFO:colcon.colcon_core.shell:Creating package descriptor '/home/robousr/Semestre-2026-1/Workspaces/Proyectos_Lalo/Proyecto_Robótica/Proyecto_espacio_XYZ_2/install/example_bringup/share/example_bringup/package.dsv'
[2.899s] INFO:colcon.colcon_core.shell:Creating package script '/home/robousr/Semestre-2026-1/Workspaces/Proyectos_Lalo/Proyecto_Robótica/Proyecto_espacio_XYZ_2/install/example_bringup/share/example_bringup/package.sh'
[2.900s] INFO:colcon.colcon_core.shell:Creating package script '/home/robousr/Semestre-2026-1/Workspaces/Proyectos_Lalo/Proyecto_Robótica/Proyecto_espacio_XYZ_2/install/example_bringup/share/example_bringup/package.bash'
[2.900s] INFO:colcon.colcon_core.shell:Creating package script '/home/robousr/Semestre-2026-1/Workspaces/Proyectos_Lalo/Proyecto_Robótica/Proyecto_espacio_XYZ_2/install/example_bringup/share/example_bringup/package.zsh'
[2.901s] Level 1:colcon.colcon_core.environment:create_file_with_runtime_dependencies(/home/robousr/Semestre-2026-1/Workspaces/Proyectos_Lalo/Proyecto_Robótica/Proyecto_espacio_XYZ_2/install/example_bringup/share/colcon-core/packages/example_bringup)
[2.902s] Level 1:colcon.colcon_core.shell:create_environment_hook('example_control', 'pythonpath_develop')
[2.903s] INFO:colcon.colcon_core.shell:Creating environment hook '/home/robousr/Semestre-2026-1/Workspaces/Proyectos_Lalo/Proyecto_Robótica/Proyecto_espacio_XYZ_2/build/example_control/share/example_control/hook/pythonpath_develop.ps1'
[2.904s] DEBUG:colcon.colcon_core.event_handler.log_command:Invoked command in '/home/robousr/Semestre-2026-1/Workspaces/Proyectos_Lalo/Proyecto_Robótica/Proyecto_espacio_XYZ_2/build/example_control' returned '0': PYTHONPATH=/home/robousr/Semestre-2026-1/Workspaces/Proyectos_Lalo/Proyecto_Robótica/Proyecto_espacio_XYZ_2/build/example_control/prefix_override:/usr/lib/python3/dist-packages/colcon_core/task/python/colcon_distutils_commands:/home/robousr/Semestre-2026-1/Workspaces/Proyectos_Lalo/Proyecto_Robótica/Proyecto_espacio_XYZ_2/install/example_control/lib/python3.10/site-packages:${PYTHONPATH} /usr/bin/python3 -W ignore:setup.py install is deprecated -W ignore:easy_install command is deprecated setup.py develop --editable --build-directory /home/robousr/Semestre-2026-1/Workspaces/Proyectos_Lalo/Proyecto_Robótica/Proyecto_espacio_XYZ_2/build/example_control/build --no-deps symlink_data
[2.905s] INFO:colcon.colcon_core.shell:Creating environment descriptor '/home/robousr/Semestre-2026-1/Workspaces/Proyectos_Lalo/Proyecto_Robótica/Proyecto_espacio_XYZ_2/build/example_control/share/example_control/hook/pythonpath_develop.dsv'
[2.905s] INFO:colcon.colcon_core.shell:Creating environment hook '/home/robousr/Semestre-2026-1/Workspaces/Proyectos_Lalo/Proyecto_Robótica/Proyecto_espacio_XYZ_2/build/example_control/share/example_control/hook/pythonpath_develop.sh'
[2.906s] Level 1:colcon.colcon_core.environment:checking '/home/robousr/Semestre-2026-1/Workspaces/Proyectos_Lalo/Proyecto_Robótica/Proyecto_espacio_XYZ_2/install/example_control' for CMake module files
[2.907s] Level 1:colcon.colcon_core.environment:checking '/home/robousr/Semestre-2026-1/Workspaces/Proyectos_Lalo/Proyecto_Robótica/Proyecto_espacio_XYZ_2/install/example_control' for CMake config files
[2.908s] Level 1:colcon.colcon_core.environment:checking '/home/robousr/Semestre-2026-1/Workspaces/Proyectos_Lalo/Proyecto_Robótica/Proyecto_espacio_XYZ_2/install/example_control/lib'
[2.908s] Level 1:colcon.colcon_core.environment:checking '/home/robousr/Semestre-2026-1/Workspaces/Proyectos_Lalo/Proyecto_Robótica/Proyecto_espacio_XYZ_2/install/example_control/bin'
[2.908s] Level 1:colcon.colcon_core.environment:checking '/home/robousr/Semestre-2026-1/Workspaces/Proyectos_Lalo/Proyecto_Robótica/Proyecto_espacio_XYZ_2/install/example_control/lib/pkgconfig/example_control.pc'
[2.908s] Level 1:colcon.colcon_core.environment:checking '/home/robousr/Semestre-2026-1/Workspaces/Proyectos_Lalo/Proyecto_Robótica/Proyecto_espacio_XYZ_2/install/example_control/lib/python3.10/site-packages'
[2.908s] Level 1:colcon.colcon_core.shell:create_environment_hook('example_control', 'pythonpath')
[2.909s] INFO:colcon.colcon_core.shell:Creating environment hook '/home/robousr/Semestre-2026-1/Workspaces/Proyectos_Lalo/Proyecto_Robótica/Proyecto_espacio_XYZ_2/install/example_control/share/example_control/hook/pythonpath.ps1'
[2.909s] INFO:colcon.colcon_core.shell:Creating environment descriptor '/home/robousr/Semestre-2026-1/Workspaces/Proyectos_Lalo/Proyecto_Robótica/Proyecto_espacio_XYZ_2/install/example_control/share/example_control/hook/pythonpath.dsv'
[2.910s] INFO:colcon.colcon_core.shell:Creating environment hook '/home/robousr/Semestre-2026-1/Workspaces/Proyectos_Lalo/Proyecto_Robótica/Proyecto_espacio_XYZ_2/install/example_control/share/example_control/hook/pythonpath.sh'
[2.910s] Level 1:colcon.colcon_core.environment:checking '/home/robousr/Semestre-2026-1/Workspaces/Proyectos_Lalo/Proyecto_Robótica/Proyecto_espacio_XYZ_2/install/example_control/bin'
[2.910s] Level 1:colcon.colcon_core.environment:create_environment_scripts_only(example_control)
[2.911s] INFO:colcon.colcon_core.shell:Creating package script '/home/robousr/Semestre-2026-1/Workspaces/Proyectos_Lalo/Proyecto_Robótica/Proyecto_espacio_XYZ_2/install/example_control/share/example_control/package.ps1'
[2.911s] INFO:colcon.colcon_core.shell:Creating package descriptor '/home/robousr/Semestre-2026-1/Workspaces/Proyectos_Lalo/Proyecto_Robótica/Proyecto_espacio_XYZ_2/install/example_control/share/example_control/package.dsv'
[2.912s] INFO:colcon.colcon_core.shell:Creating package script '/home/robousr/Semestre-2026-1/Workspaces/Proyectos_Lalo/Proyecto_Robótica/Proyecto_espacio_XYZ_2/install/example_control/share/example_control/package.sh'
[2.913s] INFO:colcon.colcon_core.shell:Creating package script '/home/robousr/Semestre-2026-1/Workspaces/Proyectos_Lalo/Proyecto_Robótica/Proyecto_espacio_XYZ_2/install/example_control/share/example_control/package.bash'
[2.913s] INFO:colcon.colcon_core.shell:Creating package script '/home/robousr/Semestre-2026-1/Workspaces/Proyectos_Lalo/Proyecto_Robótica/Proyecto_espacio_XYZ_2/install/example_control/share/example_control/package.zsh'
[2.913s] Level 1:colcon.colcon_core.environment:create_file_with_runtime_dependencies(/home/robousr/Semestre-2026-1/Workspaces/Proyectos_Lalo/Proyecto_Robótica/Proyecto_espacio_XYZ_2/install/example_control/share/colcon-core/packages/example_control)
[2.914s] DEBUG:colcon.colcon_parallel_executor.executor.parallel:closing loop
[2.914s] DEBUG:colcon.colcon_parallel_executor.executor.parallel:loop closed
[2.914s] DEBUG:colcon.colcon_parallel_executor.executor.parallel:run_until_complete finished with '0'
[2.914s] DEBUG:colcon.colcon_core.event_reactor:joining thread
[2.926s] INFO:colcon.colcon_core.plugin_system:Skipping extension 'colcon_notification.desktop_notification.terminal_notifier': Not used on non-Darwin systems
[2.926s] INFO:colcon.colcon_core.plugin_system:Skipping extension 'colcon_notification.desktop_notification.win32': Not used on non-Windows systems
[2.926s] INFO:colcon.colcon_notification.desktop_notification:Sending desktop notification using 'notify2'
[2.960s] DEBUG:colcon.colcon_core.event_reactor:joined thread
[2.960s] INFO:colcon.colcon_core.shell:Creating prefix script '/home/robousr/Semestre-2026-1/Workspaces/Proyectos_Lalo/Proyecto_Robótica/Proyecto_espacio_XYZ_2/install/local_setup.ps1'
[2.962s] INFO:colcon.colcon_core.shell:Creating prefix util module '/home/robousr/Semestre-2026-1/Workspaces/Proyectos_Lalo/Proyecto_Robótica/Proyecto_espacio_XYZ_2/install/_local_setup_util_ps1.py'
[2.964s] INFO:colcon.colcon_core.shell:Creating prefix chain script '/home/robousr/Semestre-2026-1/Workspaces/Proyectos_Lalo/Proyecto_Robótica/Proyecto_espacio_XYZ_2/install/setup.ps1'
[2.966s] INFO:colcon.colcon_core.shell:Creating prefix script '/home/robousr/Semestre-2026-1/Workspaces/Proyectos_Lalo/Proyecto_Robótica/Proyecto_espacio_XYZ_2/install/local_setup.sh'
[2.968s] INFO:colcon.colcon_core.shell:Creating prefix util module '/home/robousr/Semestre-2026-1/Workspaces/Proyectos_Lalo/Proyecto_Robótica/Proyecto_espacio_XYZ_2/install/_local_setup_util_sh.py'
[2.970s] INFO:colcon.colcon_core.shell:Creating prefix chain script '/home/robousr/Semestre-2026-1/Workspaces/Proyectos_Lalo/Proyecto_Robótica/Proyecto_espacio_XYZ_2/install/setup.sh'
[2.972s] INFO:colcon.colcon_core.shell:Creating prefix script '/home/robousr/Semestre-2026-1/Workspaces/Proyectos_Lalo/Proyecto_Robótica/Proyecto_espacio_XYZ_2/install/local_setup.bash'
[2.974s] INFO:colcon.colcon_core.shell:Creating prefix chain script '/home/robousr/Semestre-2026-1/Workspaces/Proyectos_Lalo/Proyecto_Robótica/Proyecto_espacio_XYZ_2/install/setup.bash'
[2.976s] INFO:colcon.colcon_core.shell:Creating prefix script '/home/robousr/Semestre-2026-1/Workspaces/Proyectos_Lalo/Proyecto_Robótica/Proyecto_espacio_XYZ_2/install/local_setup.zsh'
[2.977s] INFO:colcon.colcon_core.shell:Creating prefix chain script '/home/robousr/Semestre-2026-1/Workspaces/Proyectos_Lalo/Proyecto_Robótica/Proyecto_espacio_XYZ_2/install/setup.zsh'
